  Running UnrealBuildTool: dotnet "..\..\Engine\Binaries\DotNET\UnrealBuildTool\UnrealBuildTool.dll" EAESFieldLabVREditor Win64 Development -Project="C:\Users\300339869\Documents\GitHub\EAES-Field-Lab-VR-Reworked\EAESFieldLabVR\EAESFieldLabVR.uproject" -WaitMutex -FromMsBuild -Rebuild
  Log file: C:\Users\300339869\AppData\Local\UnrealBuildTool\Log.txt
  Cleaning EAESFieldLabVREditor and UnrealHeaderTool binaries...
  Unhandled exception: System.AggregateException: One or more errors occurred. (Unable to delete C:\Users\300339869\Documents\GitHub\EAES-Field-Lab-VR-Reworked\EAESFieldLabVR\Intermediate\Build\Win64\EAESFieldLabVREditor\Development (Unable to delete \\?\C:\Users\300339869\Documents\GitHub\EAES-Field-Lab-VR-Reworked\EAESFieldLabVR\Intermediate\Build\Win64\EAESFieldLabVREditor\Development\Engine\SharedPCH.Engine.ShadowErrors.InclOrderUnreal5_0.h - The process cannot access the file because it is being used by another process.))
   ---> Unable to delete C:\Users\300339869\Documents\GitHub\EAES-Field-Lab-VR-Reworked\EAESFieldLabVR\Intermediate\Build\Win64\EAESFieldLabVREditor\Development (Unable to delete \\?\C:\Users\300339869\Documents\GitHub\EAES-Field-Lab-VR-Reworked\EAESFieldLabVR\Intermediate\Build\Win64\EAESFieldLabVREditor\Development\Engine\SharedPCH.Engine.ShadowErrors.InclOrderUnreal5_0.h - The process cannot access the file because it is being used by another process.)
     --- End of inner exception stack trace ---
     at System.Threading.Tasks.TaskReplicator.Run[TState](ReplicatableUserAction`1 action, ParallelOptions options, Boolean stopOnFirstFailure)
     at System.Threading.Tasks.Parallel.PartitionerForEachWorker[TSource,TLocal](Partitioner`1 source, ParallelOptions parallelOptions, Action`1 simpleBody, Action`2 bodyWithState, Action`3 bodyWithStateAndIndex, Func`4 bodyWithStateAndLocal, Func`5 bodyWithEverything, Func`1 localInit, Action`1 localFinally)
  --- End of stack trace from previous location ---
     at System.Threading.Tasks.Parallel.ThrowSingleCancellationExceptionOrOtherException(ICollection exceptions, CancellationToken cancelToken, Exception otherException)
     at System.Threading.Tasks.Parallel.PartitionerForEachWorker[TSource,TLocal](Partitioner`1 source, ParallelOptions parallelOptions, Action`1 simpleBody, Action`2 bodyWithState, Action`3 bodyWithStateAndIndex, Func`4 bodyWithStateAndLocal, Func`5 bodyWithEverything, Func`1 localInit, Action`1 localFinally)
     at System.Threading.Tasks.Parallel.ForEachWorker[TSource,TLocal](IEnumerable`1 source, ParallelOptions parallelOptions, Action`1 body, Action`2 bodyWithState, Action`3 bodyWithStateAndIndex, Func`4 bodyWithStateAndLocal, Func`5 bodyWithEverything, Func`1 localInit, Action`1 localFinally)
     at System.Threading.Tasks.Parallel.ForEach[TSource](IEnumerable`1 source, Action`1 body)
     at UnrealBuildTool.CleanMode.<>c__DisplayClass3_0.<Clean>b__1() in D:\build\++UE5\Sync\Engine\Saved\CsTools\Engine\Source\Programs\UnrealBuildTool\Modes\CleanMode.cs:line 259
     at System.Threading.Tasks.Task.InnerInvoke()
     at System.Threading.Tasks.Task.<>c.<.cctor>b__272_0(Object obj)
     at System.Threading.ExecutionContext.RunFromThreadPoolDispatchLoop(Thread threadPoolThread, ExecutionContext executionContext, ContextCallback callback, Object state)
  --- End of stack trace from previous location ---
     at System.Threading.ExecutionContext.RunFromThreadPoolDispatchLoop(Thread threadPoolThread, ExecutionContext executionContext, ContextCallback callback, Object state)
     at System.Threading.Tasks.Task.ExecuteWithThreadLocal(Task& currentTaskSlot, Thread threadPoolThread)
